<?xml version="1.0" encoding="UTF-8"?>
<Site BuildName="Linux-c++"
	BuildStamp="20240911-1638-Experimental"
	Name="near-IdeaPad-Gaming-3-15ARH05"
	Generator="ctest-3.28.3"
	CompilerName="/usr/bin/c++"
	CompilerVersion="13.2.0"
	OSName="Linux"
	Hostname="near-IdeaPad-Gaming-3-15ARH05"
	OSRelease="6.8.0-41-generic"
	OSVersion="#41-Ubuntu SMP PREEMPT_DYNAMIC Fri Aug  2 20:41:06 UTC 2024"
	OSPlatform="x86_64"
	Is64Bits="1"
	VendorString="AuthenticAMD"
	VendorID="Advanced Micro Devices"
	FamilyID="23"
	ModelID="96"
	ProcessorCacheSize="512"
	NumberOfLogicalCPU="12"
	NumberOfPhysicalCPU="6"
	TotalVirtualMemory="4095"
	TotalPhysicalMemory="15353"
	LogicalProcessorsPerPhysical="2"
	ProcessorClockFrequency="2765.98"
	>
	<Testing>
		<StartDateTime>Sep 11 20:08 MSK</StartDateTime>
		<StartTestTime>1726074498</StartTestTime>
		<TestList/>
		<EndDateTime>Sep 11 20:08 MSK</EndDateTime>
		<EndTestTime>1726074498</EndTestTime>
		<ElapsedMinutes>0</ElapsedMinutes>
	</Testing>
</Site>
