<?xml version="1.0" encoding="UTF-8"?>
<Site BuildName="Linux-c++"
	BuildStamp="20240912-1636-Experimental"
	Name="near-IdeaPad-Gaming-3-15ARH05"
	Generator="ctest-3.28.3"
	CompilerName="/usr/bin/c++"
	CompilerVersion="13.2.0"
	OSName="Linux"
	Hostname="near-IdeaPad-Gaming-3-15ARH05"
	OSRelease="6.8.0-44-generic"
	OSVersion="#44-Ubuntu SMP PREEMPT_DYNAMIC Tue Aug 13 13:35:26 UTC 2024"
	OSPlatform="x86_64"
	Is64Bits="1"
	VendorString="AuthenticAMD"
	VendorID="Advanced Micro Devices"
	FamilyID="23"
	ModelID="96"
	ProcessorCacheSize="512"
	NumberOfLogicalCPU="12"
	NumberOfPhysicalCPU="6"
	TotalVirtualMemory="4095"
	TotalPhysicalMemory="15353"
	LogicalProcessorsPerPhysical="2"
	ProcessorClockFrequency="3487.85"
	>
	<Testing>
		<StartDateTime>Sep 12 19:36 MSK</StartDateTime>
		<StartTestTime>1726159013</StartTestTime>
		<TestList/>
		<EndDateTime>Sep 12 19:36 MSK</EndDateTime>
		<EndTestTime>1726159013</EndTestTime>
		<ElapsedMinutes>0</ElapsedMinutes>
	</Testing>
</Site>
